2026-01-28 06:45:57,550 - INFO - WhatsApp Sender initialized
2026-01-28 06:46:58,321 - INFO - WhatsApp Sender initialized
2026-01-28 06:48:06,199 - INFO - WhatsApp Sender initialized
2026-01-28 06:48:06,199 - INFO - Sending message to ahsen (923182710120): Hello from test!
2026-01-28 06:48:09,458 - INFO - Message sent successfully to 923182710120
2026-01-28 06:48:09,464 - INFO - [SUCCESS] Message sent to ahsen (923182710120)
2026-01-28 06:48:09,465 - INFO - LOG_ENTRY: {'timestamp': '2026-01-28T06:48:09.465010', 'name': 'ahsen', 'number': '923182710120', 'message': 'Hello from test!', 'status': 'SUCCESS', 'response': '{"sent":true,"message":{"id":"PsqSWFPuWLRyBwQ-wLHW8fo9aA","from_me":true,"type":"text","chat_id":"923182710120@s.whatsapp.net","timestamp":1769564888,"source":"api","device_id":3,"status":"pending","text":{"body":"Hello from test!"},"from":"923192798787"}}'}
2026-01-28 06:55:27,834 - INFO - WhatsApp Sender initialized
2026-01-28 06:55:42,313 - INFO - Sending message to ahsen (923182710120): hello
2026-01-28 06:55:44,827 - INFO - Message sent successfully to 923182710120
2026-01-28 06:55:44,833 - INFO - [SUCCESS] Message sent to ahsen (923182710120)
2026-01-28 06:55:44,834 - INFO - LOG_ENTRY: {'timestamp': '2026-01-28T06:55:44.834017', 'name': 'ahsen', 'number': '923182710120', 'message': 'hello', 'status': 'SUCCESS', 'response': '{"sent":true,"message":{"id":"Psqfi1UxrmZ4GgE-wLHW8fo9aA","from_me":true,"type":"text","chat_id":"923182710120@s.whatsapp.net","timestamp":1769565344,"source":"api","device_id":3,"status":"pending","text":{"body":"hello"},"from":"923192798787"}}'}
2026-02-04 02:34:37,335 - INFO - WhatsApp Sender initialized
2026-02-04 02:35:26,495 - INFO - WhatsApp Sender initialized
2026-02-04 02:52:44,003 - INFO - WhatsApp Sender initialized
2026-02-04 02:52:51,472 - INFO - Sending message to ahsen (923182710120): hi
2026-02-04 02:52:55,096 - INFO - Message sent successfully to 923182710120
2026-02-04 02:52:55,101 - INFO - [SUCCESS] Message sent to ahsen (923182710120)
2026-02-04 02:52:55,102 - INFO - LOG_ENTRY: {'timestamp': '2026-02-04T02:52:55.102129', 'name': 'ahsen', 'number': '923182710120', 'message': 'hi', 'status': 'SUCCESS', 'response': '{"sent":true,"message":{"id":"Pspf6SmIiu4TnpE-wGvW8fo9aA","from_me":true,"type":"text","chat_id":"923182710120@s.whatsapp.net","timestamp":1770155574,"source":"api","device_id":4,"status":"pending","text":{"body":"hi"},"from":"923192798787"}}'}
2026-02-04 03:13:07,501 - INFO - WhatsApp Sender initialized
2026-02-04 03:13:13,900 - INFO - Message sent successfully to 923182710120
2026-02-04 03:29:39,942 - INFO - WhatsApp Sender initialized
2026-02-04 03:29:50,138 - INFO - Message sent successfully to 923182710120
2026-02-04 03:30:41,359 - INFO - WhatsApp Sender initialized
2026-02-04 03:30:46,036 - INFO - Message sent successfully to 923182710120
2026-02-04 03:33:44,717 - INFO - WhatsApp Sender initialized
2026-02-04 03:33:47,418 - INFO - Message sent successfully to 923182710120
2026-02-04 07:41:08,305 - INFO - WhatsApp Sender initialized
2026-02-04 07:41:12,485 - INFO - Message sent successfully to 923182710120
2026-02-04 07:56:29,270 - INFO - WhatsApp Sender initialized
2026-02-04 07:56:32,931 - INFO - Message sent successfully to 923182710120
2026-02-04 08:08:11,815 - INFO - WhatsApp Sender initialized
2026-02-04 08:08:23,819 - INFO - Message sent successfully to 923182710120
2026-02-04 08:11:22,984 - INFO - WhatsApp Sender initialized
2026-02-04 08:11:26,297 - INFO - Message sent successfully to 923182710120
2026-02-04 08:11:52,016 - INFO - WhatsApp Sender initialized
2026-02-04 08:11:54,796 - INFO - Message sent successfully to 923182710120
2026-02-07 07:07:13,821 - INFO - WhatsApp Sender initialized
2026-02-07 07:07:22,472 - INFO - Message sent successfully to 923182710120
2026-02-07 15:46:02,468 - INFO - WhatsApp Sender initialized
2026-02-07 15:46:06,280 - INFO - Message sent successfully to 923182710120
2026-02-08 09:00:59,256 - INFO - WhatsApp Sender initialized
2026-02-08 09:01:02,714 - INFO - Message sent successfully to 923182710120
2026-02-08 09:02:08,418 - INFO - WhatsApp Sender initialized
2026-02-08 09:02:09,983 - INFO - Message sent successfully to 923182710120
2026-02-08 17:04:01,606 - INFO - WhatsApp Sender initialized
2026-02-08 17:04:04,508 - INFO - Message sent successfully to 923182710120
